<?xml version="1.0" encoding="UTF-8"?>
<!-- Generated by org.testng.reporters.JUnitReportReporter -->
<testsuite hostname="DESKTOP-5159FKT" failures="0" tests="1" name="testClasses.login2" time="17.282" errors="0" timestamp="2021-09-13T15:00:58 IST" skipped="0">
  <testcase classname="testClasses.login2" name="login" time="17.282"/>
  <system-out/>
</testsuite> <!-- testClasses.login2 -->
